<?xml version="1.0" encoding="UTF-8" ?>
<testsuites errors="4"
            failures="1"
            tests="2">

  <testsuite name="unosquare.unosquareTest"
    errors="4" failures="1" hostname="" id="" package="unosquare" skipped="0"
    tests="2" time="65.45" timestamp="">
  
    <testcase name="test unosquare contactUs" classname="unosquare.unosquareTest" time="13.49" assertions="1">

    
    <error message="An error occurred while running .click() command on &lt;li a[href = &#39;/Industries&#39;]&gt;: Timed out while waiting for element &#34;li a[href = &#39;/Industries&#39;]&#34; with &#34;css selector&#34; to be present for 5000 milliseconds." type="error"><![CDATA[
    Error
    at test unosquare contactUs (C:\Users\fabian.sanchez\Documents\nightwatch\Tests\unosquare\unosquareTest.js:8:8)
    ]]></error>
    
    </testcase>
  
    <testcase name="test unosquare V2" classname="unosquare.unosquareTest" time="19.23" assertions="2">

      <failure message="Testing if element &lt;li a[href = &#39;/About&#39;]&gt; has css property &#39;font-size: 12px&#39; in 5000ms - expected &#34;12px&#34; but got: &#34;element could not be located&#34; (5179ms)">    at test unosquare V2 (C:\Users\fabian.sanchez\Documents\nightwatch\Tests\unosquare\unosquareTest.js:19:15)</failure>

    
    <error message="Testing if element [0;33m&lt;li a[href = &#39;/About&#39;]&gt;[0m has css property [0;33m&#39;font-size[0m: [0;33m12px&#39;[0m in 5000ms - expected [0;32m&#34;12px&#34;[0m but got: [0;31m&#34;element could not be located&#34;[0m [0;90m(5179ms)[0m" type="error"><![CDATA[
    Error
    at Proxy.&lt;anonymous&gt; (C:\Users\fabian.sanchez\Documents\nightwatch\node_modules\nightwatch\lib\api\index.js:161:30)
    at test unosquare V2 (C:\Users\fabian.sanchez\Documents\nightwatch\Tests\unosquare\unosquareTest.js:19:15)
    at Context.call (C:\Users\fabian.sanchez\Documents\nightwatch\node_modules\nightwatch\lib\testsuite\context.js:505:35)
    at TestCase.run (C:\Users\fabian.sanchez\Documents\nightwatch\node_modules\nightwatch\lib\testsuite\testcase.js:58:31)
    at Runnable.__runFn (C:\Users\fabian.sanchez\Documents\nightwatch\node_modules\nightwatch\lib\testsuite\index.js:799:80)
    at Runnable.run (C:\Users\fabian.sanchez\Documents\nightwatch\node_modules\nightwatch\lib\testsuite\runnable.js:126:21)
    at TestSuite.executeRunnable (C:\Users\fabian.sanchez\Documents\nightwatch\node_modules\nightwatch\lib\testsuite\index.js:953:49)
    at TestSuite.handleRunnable (C:\Users\fabian.sanchez\Documents\nightwatch\node_modules\nightwatch\lib\testsuite\index.js:968:33)
    at C:\Users\fabian.sanchez\Documents\nightwatch\node_modules\nightwatch\lib\testsuite\index.js:799:21
    at process.processTicksAndRejections (node:internal/process/task_queues:95:5)
    ]]></error>
    
    </testcase>
  

  
    <system-err>
       NoSuchElementError
   An element could not be located on the page using the given search parameters.

    Try fixing by :
    1. Please inspect the html before the step
    2. Verify if an element with the mentioned selector is present in the DOM tree

    Error location:
    C:\Users\fabian.sanchez\Documents\nightwatch\Tests\unosquare\unosquareTest.js:
    –––––––––––––––––––––––––––––––––––––––––––––––––––––––––––––––––––––––––––––––
     5 |       .url(&#39;https://www.unosquare.com&#39;)
     6 |       .waitForElementVisible(&#39;body&#39;)
     7 |       .click(&#34;li a[href = &#39;/ContactUs&#39;]&#34;) 
     8 |       .click(&#34;li a[href = &#39;/Industries&#39;]&#34;)
     9 |       browser.end();
    –––––––––––––––––––––––––––––––––––––––––––––––––––––––––––––––––––––––––––––––

 NoSuchElementError
   An element could not be located on the page using the given search parameters.

    Try fixing by :
    1. Please inspect the html before the step
    2. Verify if an element with the mentioned selector is present in the DOM tree

    Error location:
    C:\Users\fabian.sanchez\Documents\nightwatch\Tests\unosquare\unosquareTest.js:
    –––––––––––––––––––––––––––––––––––––––––––––––––––––––––––––––––––––––––––––––
     6 |       .waitForElementVisible(&#39;body&#39;)
     7 |       .click(&#34;li a[href = &#39;/ContactUs&#39;]&#34;)
     8 |       .click(&#34;li a[href = &#39;/Industries&#39;]&#34;) 
     9 |       browser.end();
     10 |     },
    –––––––––––––––––––––––––––––––––––––––––––––––––––––––––––––––––––––––––––––––

 NoSuchElementError
   An element could not be located on the page using the given search parameters.

    Try fixing by :
    1. Please inspect the html before the step
    2. Verify if an element with the mentioned selector is present in the DOM tree

    Error location:
    C:\Users\fabian.sanchez\Documents\nightwatch\Tests\unosquare\unosquareTest.js:
    –––––––––––––––––––––––––––––––––––––––––––––––––––––––––––––––––––––––––––––––
     15 |       .url(&#39;https://www.unosquare.com&#39;)
     16 |       .waitForElementVisible(&#39;body&#39;)
     17 |       .click(&#34;li a[href = &#39;/ContactUs&#39;]&#34;) 
     18 |       .click(&#34;li a[href = &#39;/Industries&#39;]&#34;)
     19 |       .assert.cssProperty(&#34;li a[href = &#39;/About&#39;]&#34;, &#39;font-size&#39;, &#39;12px&#39;) // This assert is going to fail
    –––––––––––––––––––––––––––––––––––––––––––––––––––––––––––––––––––––––––––––––

 NoSuchElementError
   An element could not be located on the page using the given search parameters.

    Try fixing by :
    1. Please inspect the html before the step
    2. Verify if an element with the mentioned selector is present in the DOM tree

    Error location:
    C:\Users\fabian.sanchez\Documents\nightwatch\Tests\unosquare\unosquareTest.js:
    –––––––––––––––––––––––––––––––––––––––––––––––––––––––––––––––––––––––––––––––
     16 |       .waitForElementVisible(&#39;body&#39;)
     17 |       .click(&#34;li a[href = &#39;/ContactUs&#39;]&#34;)
     18 |       .click(&#34;li a[href = &#39;/Industries&#39;]&#34;) 
     19 |       .assert.cssProperty(&#34;li a[href = &#39;/About&#39;]&#34;, &#39;font-size&#39;, &#39;12px&#39;) // This assert is going to fail
     20 |       browser.end();
    –––––––––––––––––––––––––––––––––––––––––––––––––––––––––––––––––––––––––––––––

    </system-err>
  

    

  
  </testsuite>
</testsuites>
